<?xml version="1.0" encoding="UTF-8"?>
<testsuite xmlns:xsi="http://www.w3.org/2001/XMLSchema-instance" xsi:noNamespaceSchemaLocation="https://maven.apache.org/surefire/maven-surefire-plugin/xsd/surefire-test-report-3.0.xsd" version="3.0" name="com.shopnow.orderapp.OrderApplicationTests" time="23.347" tests="1" errors="0" skipped="0" failures="0">
  <properties>
[...]
</properties>
  <testcase name="contextLoads" classname="com.shopnow.orderapp.OrderApplicationTests" time="0.716">
    <system-out><![CDATA[00:18:37.539 [main] INFO org.springframework.test.context.support.AnnotationConfigContextLoaderUtils -- Could not detect default configuration classes for test class [com.shopnow.orderapp.OrderApplicationTests]: OrderApplicationTests does not declare any static, non-private, non-final, nested classes annotated with @Configuration.
00:18:37.993 [main] INFO org.springframework.boot.test.context.SpringBootTestContextBootstrapper -- Found @SpringBootConfiguration com.shopnow.orderapp.OrderApplication for test class com.shopnow.orderapp.OrderApplicationTests

  .   ____          _            __ _ _
 /\\ / ___'_ __ _ _(_)_ __  __ _ \ \ \ \
( ( )\___ | '_ | '_| | '_ \/ _` | \ \ \ \
 \\/  ___)| |_)| | | | | || (_| |  ) ) ) )
  '  |____| .__|_| |_|_| |_\__, | / / / /
 =========|_|==============|___/=/_/_/_/

 :: Spring Boot ::                (v3.3.5)

2026-03-11T00:18:39.759+05:30  INFO 33196 --- [shopnow-order-management] [           main] c.s.orderapp.OrderApplicationTests       : Starting OrderApplicationTests using Java 21.0.9 with PID 33196 (started by ent-00290 in /Users/ent-00290/Documents/Office/atm-rollout/Backend/shopnow-order-management/order-app)
2026-03-11T00:18:39.763+05:30  INFO 33196 --- [shopnow-order-management] [           main] c.s.orderapp.OrderApplicationTests       : No active profile set, falling back to 1 default profile: "default"
2026-03-11T00:18:41.629+05:30  INFO 33196 --- [shopnow-order-management] [           main] .s.d.r.c.RepositoryConfigurationDelegate : Bootstrapping Spring Data JPA repositories in DEFAULT mode.
2026-03-11T00:18:41.830+05:30  INFO 33196 --- [shopnow-order-management] [           main] .s.d.r.c.RepositoryConfigurationDelegate : Finished Spring Data repository scanning in 148 ms. Found 7 JPA repository interfaces.
2026-03-11T00:18:45.463+05:30  INFO 33196 --- [shopnow-order-management] [           main] o.hibernate.jpa.internal.util.LogHelper  : HHH000204: Processing PersistenceUnitInfo [name: default]
2026-03-11T00:18:45.682+05:30  INFO 33196 --- [shopnow-order-management] [           main] org.hibernate.Version                    : HHH000412: Hibernate ORM core version 6.5.3.Final
2026-03-11T00:18:46.010+05:30  INFO 33196 --- [shopnow-order-management] [           main] o.h.c.internal.RegionFactoryInitiator    : HHH000026: Second-level cache disabled
2026-03-11T00:18:47.177+05:30  INFO 33196 --- [shopnow-order-management] [           main] o.s.o.j.p.SpringPersistenceUnitInfo      : No LoadTimeWeaver setup: ignoring JPA class transformer
2026-03-11T00:18:47.256+05:30  INFO 33196 --- [shopnow-order-management] [           main] com.zaxxer.hikari.HikariDataSource       : HikariPool-1 - Starting...
2026-03-11T00:18:48.506+05:30  INFO 33196 --- [shopnow-order-management] [           main] com.zaxxer.hikari.pool.HikariPool        : HikariPool-1 - Added connection conn0: url=jdbc:h2:mem:shopnowdb user=SA
2026-03-11T00:18:48.510+05:30  INFO 33196 --- [shopnow-order-management] [           main] com.zaxxer.hikari.HikariDataSource       : HikariPool-1 - Start completed.
2026-03-11T00:18:50.432+05:30  INFO 33196 --- [shopnow-order-management] [           main] o.h.e.t.j.p.i.JtaPlatformInitiator       : HHH000489: No JTA platform available (set 'hibernate.transaction.jta.platform' to enable JTA platform integration)
2026-03-11T00:18:50.542+05:30  INFO 33196 --- [shopnow-order-management] [           main] j.LocalContainerEntityManagerFactoryBean : Initialized JPA EntityManagerFactory for persistence unit 'default'
2026-03-11T00:18:58.423+05:30  INFO 33196 --- [shopnow-order-management] [           main] o.s.b.a.h2.H2ConsoleAutoConfiguration    : H2 console available at '/h2-console'. Database available at 'jdbc:h2:mem:shopnowdb'
2026-03-11T00:18:58.502+05:30  INFO 33196 --- [shopnow-order-management] [           main] o.s.b.a.e.web.EndpointLinksResolver      : Exposing 2 endpoints beneath base path '/actuator'
2026-03-11T00:18:58.618+05:30  INFO 33196 --- [shopnow-order-management] [           main] c.s.orderapp.OrderApplicationTests       : Started OrderApplicationTests in 19.856 seconds (process running for 25.173)
]]></system-out>
    <system-err><![CDATA[WARNING: A Java agent has been loaded dynamically (/tmp/shopnow-m2/net/bytebuddy/byte-buddy-agent/1.14.19/byte-buddy-agent-1.14.19.jar)
WARNING: If a serviceability tool is in use, please run with -XX:+EnableDynamicAgentLoading to hide this warning
WARNING: If a serviceability tool is not in use, please run with -Djdk.instrument.traceUsage for more information
WARNING: Dynamic loading of agents will be disallowed by default in a future release
]]></system-err>
  </testcase>
</testsuite>